<?xml version="1.0" encoding="UTF-8"?>
<!-- Generated by org.testng.reporters.JUnitReportReporter -->
<testsuite skipped="0" hostname="Clover-pc25" name="seleniumVideo.VideoRecording" tests="1" failures="0" timestamp="19 May 2017 05:23:29 GMT" time="39.739" errors="0">
  <testcase name="ts" time="39.739" classname="seleniumVideo.VideoRecording"/>
</testsuite> <!-- seleniumVideo.VideoRecording -->
