<?xml version="1.0" encoding="UTF-8"?>
<!-- Generated by org.testng.reporters.JUnitReportReporter -->
<testsuite skipped="0" hostname="Clover-pc25" name="seleniumVideo.NewTest" tests="1" failures="0" timestamp="16 May 2017 05:20:06 GMT" time="40.668" errors="0">
  <testcase name="TD" time="40.668" classname="seleniumVideo.NewTest"/>
</testsuite> <!-- seleniumVideo.NewTest -->
