<?xml version="1.0" encoding="UTF-8"?>
<!-- Generated by org.testng.reporters.JUnitReportReporter -->
<testsuite skipped="0" hostname="Clover-pc25" name="newMN.MNEn" tests="1" failures="0" timestamp="18 Sep 2017 13:27:15 GMT" time="66.750" errors="0">
  <testcase name="test" time="66.750" classname="newMN.MNEn"/>
</testsuite> <!-- newMN.MNEn -->
