<?xml version="1.0" encoding="UTF-8"?>
<!-- Generated by org.testng.reporters.JUnitReportReporter -->
<testsuite skipped="0" hostname="Clover-pc25" name="seleniumBasi" tests="1" failures="0" timestamp="12 May 2017 06:05:24 GMT" time="5.514" errors="0">
  <testcase name="main" time="5.514" classname="seleniumBasi"/>
</testsuite> <!-- seleniumBasi -->
