<?xml version="1.0" encoding="UTF-8"?>
<!-- Generated by org.testng.reporters.JUnitReportReporter -->
<testsuite skipped="0" hostname="Clover-pc25" name="captureScreenshot.EpicMDScreenshot" tests="1" failures="0" timestamp="15 May 2017 11:56:20 GMT" time="12.628" errors="0">
  <testcase name="captureScreenshot" time="12.628" classname="captureScreenshot.EpicMDScreenshot"/>
</testsuite> <!-- captureScreenshot.EpicMDScreenshot -->
