<?xml version="1.0" encoding="UTF-8"?>
<!-- Generated by org.testng.reporters.JUnitReportReporter -->
<testsuite skipped="0" hostname="Clover-pc25" name="example.NewTest" tests="1" failures="0" timestamp="31 Jan 2019 12:29:18 GMT" time="7.400" errors="0">
  <testcase name="testEasy" time="7.400" classname="example.NewTest"/>
</testsuite> <!-- example.NewTest -->
